<?xml version="1.0" encoding="UTF-8"?>
<testng-results ignored="0" total="1" passed="1" failed="0" skipped="0">
  <reporter-output>
  </reporter-output>
  <suite started-at="2024-12-20T00:46:11 PST" name="Suite" finished-at="2024-12-20T00:46:25 PST" duration-ms="13405">
    <groups>
    </groups>
    <test started-at="2024-12-20T00:46:11 PST" name="Test" finished-at="2024-12-20T00:46:25 PST" duration-ms="13405">
      <class name="module1_loginTestClass.swagloginTestNGclassWithbaseClass">
        <test-method is-config="true" signature="openbrowser()[pri:0, instance:module1_loginTestClass.swagloginTestNGclassWithbaseClass@12468a38]" started-at="2024-12-20T00:46:11 PST" name="openbrowser" finished-at="2024-12-20T00:46:18 PST" duration-ms="6344" status="PASS">
          <reporter-output>
          </reporter-output>
        </test-method> <!-- openbrowser -->
        <test-method is-config="true" signature="login()[pri:0, instance:module1_loginTestClass.swagloginTestNGclassWithbaseClass@12468a38]" started-at="2024-12-20T00:46:18 PST" name="login" finished-at="2024-12-20T00:46:19 PST" duration-ms="760" status="PASS">
          <reporter-output>
          </reporter-output>
        </test-method> <!-- login -->
        <test-method signature="verifylogo()[pri:0, instance:module1_loginTestClass.swagloginTestNGclassWithbaseClass@12468a38]" started-at="2024-12-20T00:46:19 PST" name="verifylogo" finished-at="2024-12-20T00:46:20 PST" duration-ms="1477" status="PASS">
          <reporter-output>
          </reporter-output>
        </test-method> <!-- verifylogo -->
        <test-method is-config="true" signature="logout(org.testng.ITestResult)[pri:0, instance:module1_loginTestClass.swagloginTestNGclassWithbaseClass@12468a38]" started-at="2024-12-20T00:46:20 PST" name="logout" finished-at="2024-12-20T00:46:24 PST" duration-ms="4294" status="PASS">
          <params>
            <param index="0">
              <value>
                <![CDATA[[TestResult name=verifylogo status=SUCCESS method=swagloginTestNGclassWithbaseClass.verifylogo()[pri:0, instance:module1_loginTestClass.swagloginTestNGclassWithbaseClass@12468a38] output={null}]]]>
              </value>
            </param>
          </params>
          <reporter-output>
          </reporter-output>
        </test-method> <!-- logout -->
        <test-method is-config="true" signature="closebrowser()[pri:0, instance:module1_loginTestClass.swagloginTestNGclassWithbaseClass@12468a38]" started-at="2024-12-20T00:46:24 PST" name="closebrowser" finished-at="2024-12-20T00:46:25 PST" duration-ms="456" status="PASS">
          <reporter-output>
          </reporter-output>
        </test-method> <!-- closebrowser -->
      </class> <!-- module1_loginTestClass.swagloginTestNGclassWithbaseClass -->
    </test> <!-- Test -->
  </suite> <!-- Suite -->
</testng-results>
